<?xml version="1.0" encoding="UTF-8"?>
<!-- Generated by org.testng.reporters.JUnitXMLReporter -->
<testsuite hostname="LAPTOP-VC35D2RP" ignored="0" name="Test" tests="10" failures="0" timestamp="08 Mar 2020 12:47:07 GMT" time="218.327" errors="0">
  <testcase name="validLogin" time="9.818" classname="com.actitime.scripts.LoginTest"/>
  <testcase name="invalidlogin" time="2.352" classname="com.actitime.scripts.LoginTest"/>
  <testcase name="createCustomer" time="7.353" classname="com.actitime.scripts.TaskTest"/>
  <testcase name="createproject" time="5.753" classname="com.actitime.scripts.TaskTest"/>
  <testcase name="createTask" time="7.205" classname="com.actitime.scripts.CreateNewTaskTest"/>
  <testcase name="createuser" time="6.612" classname="com.actitime.scripts.UserTest"/>
  <testcase name="deletetask" time="4.517" classname="com.actitime.scripts.CreateNewTaskTest"/>
  <testcase name="DeleteProject" time="4.602" classname="com.actitime.scripts.TaskTest"/>
  <testcase name="Deletecustomer" time="7.201" classname="com.actitime.scripts.TaskTest"/>
  <testcase name="deleteuser" time="4.962" classname="com.actitime.scripts.UserTest"/>
</testsuite> <!-- Test -->
