<?xml version="1.0" encoding="UTF-8"?>
<!-- Generated by org.testng.reporters.JUnitXMLReporter -->
<testsuite hostname="LAPTOP-VC35D2RP" ignored="0" name="Test" tests="10" failures="0" timestamp="24 Jul 2020 12:30:34 GMT" time="265.848" errors="0">
  <testcase name="validLogin" time="13.586" classname="com.actitime.scripts.LoginTest"/>
  <testcase name="invalidlogin" time="2.862" classname="com.actitime.scripts.LoginTest"/>
  <testcase name="createCustomer" time="10.559" classname="com.actitime.scripts.TaskTest"/>
  <testcase name="createproject" time="10.863" classname="com.actitime.scripts.TaskTest"/>
  <testcase name="createTask" time="13.442" classname="com.actitime.scripts.CreateNewTaskTest"/>
  <testcase name="createuser" time="9.163" classname="com.actitime.scripts.UserTest"/>
  <testcase name="deletetask" time="6.655" classname="com.actitime.scripts.CreateNewTaskTest"/>
  <testcase name="DeleteProject" time="6.428" classname="com.actitime.scripts.TaskTest"/>
  <testcase name="Deletecustomer" time="6.789" classname="com.actitime.scripts.TaskTest"/>
  <testcase name="deleteuser" time="5.141" classname="com.actitime.scripts.UserTest"/>
</testsuite> <!-- Test -->
