<?xml version="1.0" encoding="UTF-8"?>
<testng-results skipped="0" failed="0" ignored="0" total="10" passed="10">
  <reporter-output>
    <line>
      <![CDATA[EnterTimeTrackPage is verified]]>
    </line>
    <line>
      <![CDATA[Invalid login is verified]]>
    </line>
    <line>
      <![CDATA[Customer "GE HealthCare" has been successfully created.]]>
    </line>
    <line>
      <![CDATA[Project "Medical Software" has been successfully created.]]>
    </line>
    <line>
      <![CDATA[1 new task was added to the customer "GE HealthCare", project "Medical Software".]]>
    </line>
    <line>
      <![CDATA[User account has been successfully created.]]>
    </line>
    <line>
      <![CDATA[Task has been successfully deleted.]]>
    </line>
    <line>
      <![CDATA[Project has been successfully deleted.]]>
    </line>
    <line>
      <![CDATA[Customer has been successfully deleted.]]>
    </line>
    <line>
      <![CDATA[User account has been successfully deleted.]]>
    </line>
  </reporter-output>
  <suite name="Suite" duration-ms="218327" started-at="2020-03-08T12:43:28Z" finished-at="2020-03-08T12:47:07Z">
    <groups>
    </groups>
    <test name="Test" duration-ms="218327" started-at="2020-03-08T12:43:28Z" finished-at="2020-03-08T12:47:07Z">
      <class name="com.actitime.scripts.LoginTest">
        <test-method status="PASS" signature="preCondition(java.lang.String, java.lang.String)[pri:0, instance:com.actitime.scripts.LoginTest@8bd1b6a]" name="preCondition" is-config="true" duration-ms="32467" started-at="2020-03-08T18:13:28Z" finished-at="2020-03-08T18:14:01Z">
          <params>
            <param index="0">
              <value>
                <![CDATA[firefox]]>
              </value>
            </param>
            <param index="1">
              <value>
                <![CDATA[http://127.0.0.1/login.do]]>
              </value>
            </param>
          </params>
          <reporter-output>
          </reporter-output>
        </test-method> <!-- preCondition -->
        <test-method status="PASS" signature="validLogin()[pri:1, instance:com.actitime.scripts.LoginTest@8bd1b6a]" name="validLogin" duration-ms="9818" started-at="2020-03-08T18:14:01Z" finished-at="2020-03-08T18:14:11Z">
          <reporter-output>
            <line>
              <![CDATA[EnterTimeTrackPage is verified]]>
            </line>
          </reporter-output>
        </test-method> <!-- validLogin -->
        <test-method status="PASS" signature="postCondition()[pri:0, instance:com.actitime.scripts.LoginTest@8bd1b6a]" name="postCondition" is-config="true" duration-ms="4687" started-at="2020-03-08T18:14:11Z" finished-at="2020-03-08T18:14:15Z">
          <reporter-output>
          </reporter-output>
        </test-method> <!-- postCondition -->
        <test-method status="PASS" signature="preCondition(java.lang.String, java.lang.String)[pri:0, instance:com.actitime.scripts.LoginTest@8bd1b6a]" name="preCondition" is-config="true" duration-ms="10246" started-at="2020-03-08T18:14:15Z" finished-at="2020-03-08T18:14:26Z">
          <params>
            <param index="0">
              <value>
                <![CDATA[firefox]]>
              </value>
            </param>
            <param index="1">
              <value>
                <![CDATA[http://127.0.0.1/login.do]]>
              </value>
            </param>
          </params>
          <reporter-output>
          </reporter-output>
        </test-method> <!-- preCondition -->
        <test-method status="PASS" signature="invalidlogin()[pri:2, instance:com.actitime.scripts.LoginTest@8bd1b6a]" name="invalidlogin" duration-ms="2352" started-at="2020-03-08T18:14:26Z" finished-at="2020-03-08T18:14:28Z">
          <reporter-output>
            <line>
              <![CDATA[Invalid login is verified]]>
            </line>
          </reporter-output>
        </test-method> <!-- invalidlogin -->
        <test-method status="PASS" signature="postCondition()[pri:0, instance:com.actitime.scripts.LoginTest@8bd1b6a]" name="postCondition" is-config="true" duration-ms="4814" started-at="2020-03-08T18:14:28Z" finished-at="2020-03-08T18:14:33Z">
          <reporter-output>
          </reporter-output>
        </test-method> <!-- postCondition -->
      </class> <!-- com.actitime.scripts.LoginTest -->
      <class name="com.actitime.scripts.UserTest">
        <test-method status="PASS" signature="preCondition(java.lang.String, java.lang.String)[pri:0, instance:com.actitime.scripts.UserTest@4b9e13df]" name="preCondition" is-config="true" duration-ms="9217" started-at="2020-03-08T18:15:34Z" finished-at="2020-03-08T18:15:43Z">
          <params>
            <param index="0">
              <value>
                <![CDATA[firefox]]>
              </value>
            </param>
            <param index="1">
              <value>
                <![CDATA[http://127.0.0.1/login.do]]>
              </value>
            </param>
          </params>
          <reporter-output>
          </reporter-output>
        </test-method> <!-- preCondition -->
        <test-method status="PASS" signature="createuser()[pri:6, instance:com.actitime.scripts.UserTest@4b9e13df]" name="createuser" duration-ms="6612" started-at="2020-03-08T18:15:43Z" finished-at="2020-03-08T18:15:50Z">
          <reporter-output>
            <line>
              <![CDATA[User account has been successfully created.]]>
            </line>
          </reporter-output>
        </test-method> <!-- createuser -->
        <test-method status="PASS" signature="postCondition()[pri:0, instance:com.actitime.scripts.UserTest@4b9e13df]" name="postCondition" is-config="true" duration-ms="4163" started-at="2020-03-08T18:15:50Z" finished-at="2020-03-08T18:15:54Z">
          <reporter-output>
          </reporter-output>
        </test-method> <!-- postCondition -->
        <test-method status="PASS" signature="preCondition(java.lang.String, java.lang.String)[pri:0, instance:com.actitime.scripts.UserTest@4b9e13df]" name="preCondition" is-config="true" duration-ms="8542" started-at="2020-03-08T18:16:49Z" finished-at="2020-03-08T18:16:57Z">
          <params>
            <param index="0">
              <value>
                <![CDATA[firefox]]>
              </value>
            </param>
            <param index="1">
              <value>
                <![CDATA[http://127.0.0.1/login.do]]>
              </value>
            </param>
          </params>
          <reporter-output>
          </reporter-output>
        </test-method> <!-- preCondition -->
        <test-method status="PASS" signature="deleteuser()[pri:10, instance:com.actitime.scripts.UserTest@4b9e13df]" name="deleteuser" duration-ms="4962" started-at="2020-03-08T18:16:57Z" finished-at="2020-03-08T18:17:02Z">
          <reporter-output>
            <line>
              <![CDATA[User account has been successfully deleted.]]>
            </line>
          </reporter-output>
        </test-method> <!-- deleteuser -->
        <test-method status="PASS" signature="postCondition()[pri:0, instance:com.actitime.scripts.UserTest@4b9e13df]" name="postCondition" is-config="true" duration-ms="4345" started-at="2020-03-08T18:17:02Z" finished-at="2020-03-08T18:17:07Z">
          <reporter-output>
          </reporter-output>
        </test-method> <!-- postCondition -->
      </class> <!-- com.actitime.scripts.UserTest -->
      <class name="com.actitime.scripts.TaskTest">
        <test-method status="PASS" signature="preCondition(java.lang.String, java.lang.String)[pri:0, instance:com.actitime.scripts.TaskTest@18be83e4]" name="preCondition" is-config="true" duration-ms="8722" started-at="2020-03-08T18:14:33Z" finished-at="2020-03-08T18:14:42Z">
          <params>
            <param index="0">
              <value>
                <![CDATA[firefox]]>
              </value>
            </param>
            <param index="1">
              <value>
                <![CDATA[http://127.0.0.1/login.do]]>
              </value>
            </param>
          </params>
          <reporter-output>
          </reporter-output>
        </test-method> <!-- preCondition -->
        <test-method status="PASS" signature="createCustomer()[pri:3, instance:com.actitime.scripts.TaskTest@18be83e4]" name="createCustomer" duration-ms="7353" started-at="2020-03-08T18:14:42Z" finished-at="2020-03-08T18:14:49Z">
          <reporter-output>
            <line>
              <![CDATA[Customer "GE HealthCare" has been successfully created.]]>
            </line>
          </reporter-output>
        </test-method> <!-- createCustomer -->
        <test-method status="PASS" signature="postCondition()[pri:0, instance:com.actitime.scripts.TaskTest@18be83e4]" name="postCondition" is-config="true" duration-ms="4911" started-at="2020-03-08T18:14:49Z" finished-at="2020-03-08T18:14:54Z">
          <reporter-output>
          </reporter-output>
        </test-method> <!-- postCondition -->
        <test-method status="PASS" signature="preCondition(java.lang.String, java.lang.String)[pri:0, instance:com.actitime.scripts.TaskTest@18be83e4]" name="preCondition" is-config="true" duration-ms="8938" started-at="2020-03-08T18:14:54Z" finished-at="2020-03-08T18:15:03Z">
          <params>
            <param index="0">
              <value>
                <![CDATA[firefox]]>
              </value>
            </param>
            <param index="1">
              <value>
                <![CDATA[http://127.0.0.1/login.do]]>
              </value>
            </param>
          </params>
          <reporter-output>
          </reporter-output>
        </test-method> <!-- preCondition -->
        <test-method status="PASS" signature="createproject()[pri:4, instance:com.actitime.scripts.TaskTest@18be83e4]" name="createproject" duration-ms="5753" started-at="2020-03-08T18:15:03Z" finished-at="2020-03-08T18:15:08Z">
          <reporter-output>
            <line>
              <![CDATA[Project "Medical Software" has been successfully created.]]>
            </line>
          </reporter-output>
        </test-method> <!-- createproject -->
        <test-method status="PASS" signature="postCondition()[pri:0, instance:com.actitime.scripts.TaskTest@18be83e4]" name="postCondition" is-config="true" duration-ms="4087" started-at="2020-03-08T18:15:08Z" finished-at="2020-03-08T18:15:13Z">
          <reporter-output>
          </reporter-output>
        </test-method> <!-- postCondition -->
        <test-method status="PASS" signature="preCondition(java.lang.String, java.lang.String)[pri:0, instance:com.actitime.scripts.TaskTest@18be83e4]" name="preCondition" is-config="true" duration-ms="9330" started-at="2020-03-08T18:16:11Z" finished-at="2020-03-08T18:16:21Z">
          <params>
            <param index="0">
              <value>
                <![CDATA[firefox]]>
              </value>
            </param>
            <param index="1">
              <value>
                <![CDATA[http://127.0.0.1/login.do]]>
              </value>
            </param>
          </params>
          <reporter-output>
          </reporter-output>
        </test-method> <!-- preCondition -->
        <test-method status="PASS" signature="DeleteProject()[pri:8, instance:com.actitime.scripts.TaskTest@18be83e4]" name="DeleteProject" duration-ms="4602" started-at="2020-03-08T18:16:21Z" finished-at="2020-03-08T18:16:25Z">
          <reporter-output>
            <line>
              <![CDATA[Project has been successfully deleted.]]>
            </line>
          </reporter-output>
        </test-method> <!-- DeleteProject -->
        <test-method status="PASS" signature="postCondition()[pri:0, instance:com.actitime.scripts.TaskTest@18be83e4]" name="postCondition" is-config="true" duration-ms="3616" started-at="2020-03-08T18:16:25Z" finished-at="2020-03-08T18:16:29Z">
          <reporter-output>
          </reporter-output>
        </test-method> <!-- postCondition -->
        <test-method status="PASS" signature="preCondition(java.lang.String, java.lang.String)[pri:0, instance:com.actitime.scripts.TaskTest@18be83e4]" name="preCondition" is-config="true" duration-ms="8723" started-at="2020-03-08T18:16:29Z" finished-at="2020-03-08T18:16:38Z">
          <params>
            <param index="0">
              <value>
                <![CDATA[firefox]]>
              </value>
            </param>
            <param index="1">
              <value>
                <![CDATA[http://127.0.0.1/login.do]]>
              </value>
            </param>
          </params>
          <reporter-output>
          </reporter-output>
        </test-method> <!-- preCondition -->
        <test-method status="PASS" signature="Deletecustomer()[pri:9, instance:com.actitime.scripts.TaskTest@18be83e4]" name="Deletecustomer" duration-ms="7201" started-at="2020-03-08T18:16:38Z" finished-at="2020-03-08T18:16:45Z">
          <reporter-output>
            <line>
              <![CDATA[Customer has been successfully deleted.]]>
            </line>
          </reporter-output>
        </test-method> <!-- Deletecustomer -->
        <test-method status="PASS" signature="postCondition()[pri:0, instance:com.actitime.scripts.TaskTest@18be83e4]" name="postCondition" is-config="true" duration-ms="3905" started-at="2020-03-08T18:16:45Z" finished-at="2020-03-08T18:16:49Z">
          <reporter-output>
          </reporter-output>
        </test-method> <!-- postCondition -->
      </class> <!-- com.actitime.scripts.TaskTest -->
      <class name="com.actitime.scripts.CreateNewTaskTest">
        <test-method status="PASS" signature="preCondition(java.lang.String, java.lang.String)[pri:0, instance:com.actitime.scripts.CreateNewTaskTest@cb5822]" name="preCondition" is-config="true" duration-ms="9287" started-at="2020-03-08T18:15:13Z" finished-at="2020-03-08T18:15:22Z">
          <params>
            <param index="0">
              <value>
                <![CDATA[firefox]]>
              </value>
            </param>
            <param index="1">
              <value>
                <![CDATA[http://127.0.0.1/login.do]]>
              </value>
            </param>
          </params>
          <reporter-output>
          </reporter-output>
        </test-method> <!-- preCondition -->
        <test-method status="PASS" signature="createTask()[pri:5, instance:com.actitime.scripts.CreateNewTaskTest@cb5822]" name="createTask" duration-ms="7205" started-at="2020-03-08T18:15:22Z" finished-at="2020-03-08T18:15:29Z">
          <reporter-output>
            <line>
              <![CDATA[1 new task was added to the customer "GE HealthCare", project "Medical Software".]]>
            </line>
          </reporter-output>
        </test-method> <!-- createTask -->
        <test-method status="PASS" signature="postCondition()[pri:0, instance:com.actitime.scripts.CreateNewTaskTest@cb5822]" name="postCondition" is-config="true" duration-ms="4941" started-at="2020-03-08T18:15:29Z" finished-at="2020-03-08T18:15:34Z">
          <reporter-output>
          </reporter-output>
        </test-method> <!-- postCondition -->
        <test-method status="PASS" signature="preCondition(java.lang.String, java.lang.String)[pri:0, instance:com.actitime.scripts.CreateNewTaskTest@cb5822]" name="preCondition" is-config="true" duration-ms="8963" started-at="2020-03-08T18:15:54Z" finished-at="2020-03-08T18:16:03Z">
          <params>
            <param index="0">
              <value>
                <![CDATA[firefox]]>
              </value>
            </param>
            <param index="1">
              <value>
                <![CDATA[http://127.0.0.1/login.do]]>
              </value>
            </param>
          </params>
          <reporter-output>
          </reporter-output>
        </test-method> <!-- preCondition -->
        <test-method status="PASS" signature="deletetask()[pri:7, instance:com.actitime.scripts.CreateNewTaskTest@cb5822]" name="deletetask" duration-ms="4517" started-at="2020-03-08T18:16:03Z" finished-at="2020-03-08T18:16:07Z">
          <reporter-output>
            <line>
              <![CDATA[Task has been successfully deleted.]]>
            </line>
          </reporter-output>
        </test-method> <!-- deletetask -->
        <test-method status="PASS" signature="postCondition()[pri:0, instance:com.actitime.scripts.CreateNewTaskTest@cb5822]" name="postCondition" is-config="true" duration-ms="3978" started-at="2020-03-08T18:16:07Z" finished-at="2020-03-08T18:16:11Z">
          <reporter-output>
          </reporter-output>
        </test-method> <!-- postCondition -->
      </class> <!-- com.actitime.scripts.CreateNewTaskTest -->
    </test> <!-- Test -->
  </suite> <!-- Suite -->
</testng-results>
